1543396081.3641992
1543396141.4790025
1543396201.5486557
1543396261.6228664
1543396321.682444
1543396381.7353814
1543396441.7852314
1543396501.8416185
1543396561.901447
1543396621.9574583
1543396682.009639
1543396741.0616822
1543396801.116762
1543396861.1794808
1543396921.2300522
1543396981.27898
1543397041.3300638
1543397101.3873634
1543397161.4460015
1543397221.5023172
1543397281.5550294
1543397341.609472
1543397401.66493
1543397461.7169814
1543397521.7683313
1543397581.8187199
1543397641.8743114
1543397701.9326854
1543397761.9863806
1543397822.037125
1543397881.094385
1543397941.166855
1543398001.2243028
1543398061.2771327
1543398121.330411
1543398181.382328
1543398241.4441257
1543398301.5106778
1543398361.5621686
1543398421.6151772
1543398481.6939945
1543398541.745582
1543398601.7994502
1543398661.8497207
1543398721.9149723
1543398781.9658425
1543398842.022811
1543398901.0983825
1543398961.1570103
1543399021.2143052
1543399081.2666273
1543399141.3209393
1543399201.4092457
1543399261.4746385
1543399321.5249095
1543399381.577264
1543399441.6337354
1543399501.6891277
1543399561.7435277
1543399621.8005805
1543399681.8609571
1543399741.9256487
1543399801.9835577
1543399862.0419338
1543399921.0987413
1543399981.2072341
1543400041.2586539
1543400101.3109682
1543400161.3626392
1543400221.415962
1543400281.5307925
1543400341.5850115
1543400401.6460428
1543400461.6964893
1543400521.7550104
1543400581.805904
1543400641.8569634
1543400701.9120266
1543400761.9648762
1543400822.0169094
1543400881.1041095
1543400941.1679592
1543401001.224468
1543401061.3454554
1543401121.4448698
1543401181.4986966
1543401241.5484803
1543401301.6027567
1543401361.6540844
1543401421.7226489
1543401481.7864552
1543401541.8381255
1543401601.908034
1543401661.9764657
1543401722.0552337
1543405821.1879075
1543405864.098814
1543405922.6174252
1543405981.695116
1543406042.2520244
1543406101.3888845
1543406163.4638216
1543406221.5110087
1543406284.0315428
1543406341.1379507
1543406401.519339
1543406467.096181
1543406521.2299285
1543406581.4429312
1543406641.7373185
1543406701.9084084
1543406762.4677246
1543406821.6908722
1543406881.7445538
1543406941.8200445
1543407001.9315763
1543407062.023573
1543407121.0951743
1543407181.2421281
1543407241.2978673
1543407301.3816614
1543407361.4412506
1543407421.4915032
1543407481.5905256
1543407541.6429105
1543407601.7330801
1543407661.7813175
1543407721.831617
1543407781.880016
1543407841.9291227
1543407901.9923537
1543407962.0441236
1543408021.1017878
1543408081.2205107
1543408141.2711399
1543408201.320262
1543408261.462487
1543408321.6040554
1543408381.6794922
1543408441.7306461
1543408501.8066716
1543408561.8561707
1543408621.9053698
1543408681.9570704
1543408742.0206025
1543408801.1128006
1543408861.1863072
1543408921.2398968
1543408981.3474987
1543409041.4004035
1543409101.452224
1543409161.5062847
1543409221.5562785
1543409281.605549
1543409341.7329304
1543409401.801091
1543409461.8513637
1543409521.9014373
1543409581.997187
1543409641.0580754
1543409701.1159725
1543409761.182285
1543409821.2399738
1543409881.2935917
1543409941.3538826
1543410001.405701
1543410061.6408176
1543410121.7119436
1543410181.7883193
1543410241.944053
1543410302.10487
1543410361.308122
1543410421.4325686
1543410481.4831448
1543410541.5328176
1543410601.5842545
1543410661.6655345
1543410721.746441
1543410781.8059087
1543410841.8599043
1543410901.916625
1543410961.9788382
1543411022.0348816
1543411081.0869918
1543411141.1503468
1543411201.2444375
1543411261.296172
1543411321.348138
1543411381.4015093
1543411441.455245
1543411501.576356
1543411561.728564
1543411621.789181
1543411681.840016
1543411741.8923604
1543411801.9449012
1543411861.9979281
1543411921.0476449
1543411981.0986924
1543412041.1635454
1543412101.2215185
1543412161.2762027
1543412221.402914
1543412281.467161
1543412341.5202565
1543412401.572957
1543412461.6271052
1543412521.6793945
1543412581.8811796
1543412641.929891
1543412702.0434403
1543412761.1028342
1543412821.170923
1543412881.2795212
1543412941.3422036
1543413001.4068017
1543413061.456065
1543413121.5161142
1543413181.5842237
1543413241.6427886
1543413301.7118251
1543413361.8101869
1543413421.890614
1543413481.9433773
1543413542.006395
1543413601.0697868
1543413661.121831
1543413721.1923993
1543413781.2445934
1543413841.3375158
1543413901.4083486
1543413961.4584458
1543414021.5073671
1543414081.5724711
1543414141.624149
1543414201.704002
1543414261.7622588
1543414321.8141901
1543414381.8951886
1543414442.0510187
1543414501.1668892
1543414561.279816
1543414621.352414
1543414681.4067988
1543414741.461398
1543414801.5850778
1543414861.665057
1543414921.720538
1543414981.7878618
1543415041.8407547
1543415101.9318557
1543415161.9866786
1543415222.039686
1543415281.0923522
1543415341.1553352
1543415401.2185998
1543415461.272851
1543415521.3253803
1543415581.3803272
1543415641.4437327
1543415701.5015352
1543415761.5699542
1543415821.6329029
1543415881.685101
1543415941.7692823
1543416001.8328714
1543416061.921808
1543416122.0031233
1543456267.5297256
1543456321.747616
1543456381.8270078
1543456442.5602705
1543456501.6475227
1543456563.586773
1543456622.723467
1543456685.510258
1543456742.5706747
1543456802.7663233
1543456862.3667378
1543456929.07947
1543456981.507367
1543457041.69455
1543457103.586145
1543457161.723364
1543457221.8158774
1543457281.9037254
1543457342.0966609
1543457401.2950292
1543457461.405751
1543457521.5794559
1543457581.7029738
1543457641.9137287
1543457702.1252398
1543457761.2062237
1543457821.3588145
1543457881.4417562
1543457941.584927
1543458001.6965594
1543458061.7960944
1543458121.8821638
1543458181.9656174
1543458242.0528464
1543458301.2349124
1543458361.4089246
1543458421.555876
1543458481.6533763
1543458541.7564065
1543458601.9274712
1543458662.083385
1543458721.189618
1543458781.328431
1543458841.4404335
1543458901.6428993
1543458961.7171679
1543459021.8192947
1543459081.8889024
1543459141.9911757
1543459202.1137156
1543459261.2107694
1543459321.292378
1543459381.3437724
1543459441.394487
1543459501.4943452
1543459561.578374
1543459621.7237453
1543459681.9023142
1543459741.9621773
1543459802.0302439
1543459861.0909085
1543459921.210192
1543459981.2918136
1543460041.3515294
1543460101.4247594
1543460161.522774
1543460221.584887
1543460281.6483238
1543460341.699153
1543460401.762484
1543460461.8537047
1543460521.9175947
1543460581.9890602
1543460642.075573
1543460701.1533072
1543460761.2325468
1543460821.2877722
1543460881.349325
1543460941.406295
1543461001.4801784
1543461061.5685062
1543461121.622411
1543461181.7005343
1543461241.7988987
1543461301.8605664
1543461361.92721
1543461421.9940364
1543461482.065273
1543461541.141849
1543461601.2097445
1543461661.2702274
1543461721.327756
1543461781.385302
1543461841.4500985
1543461901.5752463
1543461961.6567366
1543462021.7461593
1543462081.8077233
1543462141.8626213
1543462201.919108
1543462261.9763474
1543462322.0408788
1543462381.1863475
1543462441.3264763
1543462501.450948
1543462561.6323893
1543462621.747119
1543462681.8646715
1543462741.9250667
1543462801.9792325
1543462862.0752401
1543462921.190619
1543462981.3230302
1543463041.5089123
1543463101.643993
1543463161.8329017
1543463221.9089663
1543463281.9784644
1543463342.1528783
1543463401.407453
1543463461.4898124
1543463521.564891
1543463581.6268215
1543463641.6955712
1543463701.762088
1543463761.825552
1543463821.89443
1543463881.957443
1543463942.050304
1543464001.1035354
1543464061.1615026
1543464121.2115874
1543464181.364678
1543464241.4239113
1543464301.4829774
1543464361.5459132
1543464421.5965981
1543464481.647002
1543464541.7034636
1543464601.759888
1543464661.810108
1543464721.8707385
1543464781.9360967
1543464841.9969735
1543464901.0540814
1543464961.107106
1543465021.1749444
1543465081.2292092
1543465141.2855752
1543465201.3379142
1543465261.3895905
1543465321.4397817
1543465381.4961166
1543465441.5504067
1543465501.608519
1543465561.660754
1543465621.7129118
1543465681.7652004
1543465741.817652
1543465801.8800058
1543465861.9382634
1543465921.9931734
1543465982.0456178
1543466041.1027248
1543466101.1834593
1543466161.23609
1543466221.2865546
1543466281.33775
1543466341.3946924
1543466401.4490542
1543466461.5023339
1543466521.5554628
1543466581.6085753
1543466641.6578436
1543466701.7097132
1543466761.764422
1543466821.8233254
1543466881.8755267
1543467740.8176768
1543468041.4876044
1543468129.569399
1543468141.6179652
1543468201.6692395
1543468261.7496853
1543468321.8021548
1543468381.8527937
1543468441.9301686
1543468502.005654
1543468561.0732641
1543468621.1601331
1543468681.2304726
1543468741.2906554
1543468801.349962
1543468861.413434
1543468921.4905026
1543468981.5730622
1543469041.6410222
1543469101.7132764
1543469161.7665973
1543469221.837798
1543469281.891319
1543469341.9469433
1543469402.0247767
1543469461.095995
1543469521.1756115
1543469581.24224
1543469641.3116617
1543469701.3900962
1543469761.465235
1543469821.537954
1543469881.63056
1543469941.8124733
1543470001.9788172
1543470062.0673845
1543470121.1262257
1543470181.2000017
1543470241.2558115
1543470301.3116472
1543470361.3675697
1543470421.4201193
1543470481.4771116
1543470541.5337198
1543470601.5941293
1543470661.6503267
1543470721.7108753
1543470781.767159
1543470841.822883
1543470901.8844266
1543470961.9413326
1543471022.0112507
1543471081.0923252
1543471141.163486
1543471201.2287207
1543471261.2854474
1543471321.3481927
1543471381.40162
1543471441.456595
1543471501.5437598
1543471561.6171694
1543471621.6898265
1543471681.76329
1543471741.846676
1543471801.92302
1543471862.0117269
1543471921.0965335
1543471981.1977103
1543472041.299131
1543472101.3799644
1543472161.4503384
1543472221.524067
1543472281.5989747
1543472341.6626713
1543472401.738456
1543472461.8334968
1543472521.8920422
1543474444.240684
1543474501.3619711
1543474561.451892
1543474621.5048826
1543474681.5617423
1543474741.6177764
1543474801.6819937
1543474861.73447
1543474921.7986016
1543474981.8589013
1543475042.1079772
1543475101.234889
1543475161.305876
1543475221.3746572
1543475281.4302928
1543475341.6903865
1543475401.8456328
1543475461.9419959
1543475522.0411997
1543475581.1143088
1543475641.2657392
1543475701.3336663
1543475761.3868346
1543475821.4551318
1543475881.5373733
1543475941.6029866
1543476001.6849322
1543476061.745284
1543476121.7929292
1543476181.8567445
1543476241.9297385
1543476302.004122
1543476361.054945
1543476421.1089354
1543476481.1812286
1543476541.2696235
1543476601.4229772
1543476661.486791
1543476721.5499425
1543476781.6046004
1543476841.6626573
1543476901.7185016
1543476961.7893007
1543477021.8976717
1543477081.9547431
1543477142.017367
1543477201.1204143
1543477324.0755801
1543477381.1264875
1543477441.463063
1543477501.6067219
1543477561.732118
1543477621.8311312
1543477681.896888
1543477741.9569046
1543477802.0306973
1543477861.0827694
1543477921.1328077
1543477981.1895254
1543478041.2613714
1543478101.3313296
1543478161.5764234
1543478221.6545703
1543478281.7618372
1543478342.0173838
1543478401.1041842
1543478461.2054393
1543478521.3423069
1543478581.5170417
1543478641.7358117
1543478701.8570673
1543478762.0030482
1543478821.0981207
1543478881.1715045
1543478941.7931166
1543479001.9182293
1543479061.9907193
1543479121.0867977
1543479181.2889864
1543479241.3409967
1543479301.4294252
1543479361.4986155
1543479421.5550923
1543479481.647665
1543479541.707742
1543479601.8101037
1543479661.863406
1543479721.9321816
1543479781.9925551
1543479841.0484161
1543479901.2044594
1543479961.3307219
1543480021.4308672
1543480081.4910648
1543480141.7020776
1543480201.765266
1543480261.8306847
1543480321.8832345
1543480381.9375198
1543480441.9852278
1543480502.0622132
1543480561.1847706
1543480621.2488518
1543480681.313378
1543480741.390402
1543480801.4426749
1543480861.4945354
1543480921.6056926
1543480981.6659634
1543481041.7242386
1543481101.8692565
1543481161.9910815
1543481222.0575452
1543481281.1331441
1543481341.2004766
1543481401.257722
1543481461.334906
1543481521.4085555
1543481581.4850063
1543481641.5446482
1543481701.6099343
1543481761.6733744
1543481821.7301464
1543481881.7810953
1543481941.8308399
1543482001.8837285
1543482061.9327815
1543482121.9838176
1543482182.0620172
1543482241.1471927
1543482301.231185
1543482361.297328
1543482421.3476834
1543482481.4164813
1543482541.4869776
1543482601.5544696
1543482661.6030731
1543482721.6780086
1543482781.744187
1543482841.802675
1543482901.8585246
1543482961.9520533
1543483022.0291178
1543483081.091086
1543483141.1610446
1543483201.3396966
1543483261.420296
1543483321.4850533
1543483381.575216
1543483441.6449745
1543483501.7361655
1543483561.8423595
1543483621.906733
1543483681.9643664
1543483742.0405636
1543483801.135402
1543483861.229903
1543483921.2845287
1543483981.3399398
1543484041.3977678
1543484101.4519665
1543484161.502509
1543484221.5541232
1543484281.6059997
1543484341.658413
1543484401.7111351
1543484461.7661898
1543484521.8189347
1543484581.8702881
1543484641.9220448
1543484701.9767954
1543484762.0279193
1543484821.0796676
1543484881.1303375
1543484941.2098544
1543485001.2644534
1543485061.3197975
1543485121.3695538
1543485181.4222329
1543485241.4802384
1543485301.5378797
1543485361.6062346
1543485421.6800573
1543485481.8618708
1543485541.974003
1543485602.0467029
1543485661.2771788
1543485721.3577864
1543485781.41273
1543485841.4616525
1543485901.5241072
1543485961.6641095
1543486021.8064637
1543486081.891366
1543486141.9506984
1543486202.0073192
1543486261.1139863
1543486321.1989672
1543486381.2581942
1543486441.4224904
1543486501.540493
1543486561.6211104
1543486621.6946251
1543486681.7610242
1543486741.8639386
1543486801.946516
1543486862.0140166
1543486921.0851033
1543486981.158731
1543487041.2209997
1543487101.3561032
1543487161.4568565
1543487221.6181455
1543487281.7333596
1543487341.7993531
1543487401.9550946
1543487462.1222699
1543487521.2319176
1543487581.286623
1543487641.4478416
1543487701.526199
1543487761.5870507
1543488004.6112509
1543488061.6755898
1543488121.736323
1543488181.7880378
1543488241.9199557
1543488302.140199
1543488361.2517333
1543488421.3468614
1543488481.4404209
1543488541.505894
1543488601.5871532
1543488661.689292
1543488721.7659476
1543488781.851324
1543488841.9368052
1543488902.0431235
1543488961.1320667
1543489021.2657237
1543489081.360183
1543489141.4646192
1543489201.5666397
1543489261.6337378
1543489321.685996
1543489381.7350652
1543489441.7842462
1543489501.8368073
1543489561.8899288
1543489621.9433105
1543489681.9960425
1543489741.049114
1543489801.1028664
1543489861.1810222
1543489921.2359152
1543489981.2864
1543490041.3499794
1543490101.406499
1543490161.461425
1543490221.5181286
1543490281.5722466
1543490341.6213467
1543490401.673571
1543490461.7290277
1543490521.7807155
1543490581.8482604
1543490641.905718
1543490701.9982114
1543490761.0624392
1543490821.1226275
1543490881.244193
1543490941.297825
1543491001.3745246
1543491061.4323375
1543491121.4838235
1543491181.5924432
1543491241.66297
1543491301.72175
1543491361.7736273
1543491421.827897
1543491481.8810132
1543491542.0222166
1543491601.104293
1543491661.2540977
1543491721.3192337
1543491781.390471
1543491841.4539385
1543491901.576839
1543491963.8726537
1543492021.2275784
1543492081.287213
1543492141.3452175
1543492201.4685159
1543492261.5843928
1543496233.7992687
1543496281.9077413
1543496341.958252
1543496402.009883
1543496461.0598555
1543496521.588376
1543496581.6538372
1543496641.7092993
1543496701.761866
1543496761.8103702
1543496821.8599417
1543496881.9134772
1543496941.963865
1543497002.012408
1543497061.6175053
1543497121.6650076
1543497181.7158418
1543497241.7649524
1543497301.81569
1543497362.3098693
1543497421.365968
1543497481.4456046
1543497541.4961195
1543497601.5697868
1543497661.6180792
1543497721.6654127
1543497781.7157238
1543497841.764862
1543497901.8184268
1543497961.8683484
1543498021.9177294
1543498081.967539
1543498142.016933
1543498201.0696757
1543498261.5370846
1543498321.5851176
1543498381.6337333
1543498441.6813488
1543498501.7319853
1543498561.7805507
1543498621.8840175
1543498681.9351442
1543498742.003958
1543498801.5191686
1543498861.5719466
1543498921.6512852
1543498981.7262535
1543499041.7790196
1543499101.8333697
1543499161.8820229
1543499221.931596
1543499282.0161052
1543499341.0756745
1543499401.199676
1543499461.2836623
1543499521.3677456
1543499581.45284
1543499642.175288
1543499701.3356602
1543499761.398415
1543499821.4546285
1543499881.5161276
1543499942.0146
1543500001.1636624
1543500061.3293407
1543500121.3895876
1543500181.486357
1543500241.5736337
1543500301.6361074
1543500361.6989093
1543500421.7933328
1543500482.314141
1543500541.3779583
1543500601.4283779
1543500661.4872744
1543500721.5545814
1543500781.6128871
1543500842.3658316
1543500901.4333947
1543500961.5029006
1543501021.561985
1543501081.646894
1543501141.7007496
1543501201.7612283
1543501261.8249378
1543501321.8892386
1543501381.9421499
1543501442.000851
1543501501.0879624
1543501561.7582562
1543501621.819279
1543501681.882289
1543501741.9416893
1543501802.5274923
1543501861.586376
1543501921.6385493
1543501981.8831513
1543502042.4205494
1543502101.4886684
1543502161.5557222
1543502221.605725
1543502282.1042678
1543502341.1732297
1543502401.2247877
1543502461.285823
1543502521.3367682
1543502581.7987268
1543502641.8544848
1543502701.9102845
1543502762.4733243
1543502821.5227602
1543502881.578561
1543502941.6277192
1543503001.6769593
1543503061.7257416
1543503121.7742507
1543503182.4499846
1543503241.5010445
1543503302.1107986
1543503361.16791
1543503421.2178712
1543503481.2680614
1543503541.317049
1543503601.389765
1543503661.4424124
1543503721.4927888
1543503781.541586
1543503841.5927
1543503901.6670854
1543503961.7288976
1543504022.254865
1543504081.3078244
1543504141.3665004
1543504201.4878435
1543504262.172637
1543504321.2522607
1543504381.3190584
1543504441.3887608
1543504501.4749045
1543504561.5766335
1543504621.6433485
1543504681.7058537
1543504741.777519
1543504801.838458
1543504861.8959224
1543504921.9557712
1543504982.019405
1543505041.0879574
1543505101.226771
1543505161.294695
1543505221.364307
1543505281.847882
1543505341.9162328
1543505401.9857485
1543505462.0569127
1543505521.166495
1543505581.2352486
1543505641.3078775
1543505701.373003
1543505761.4229527
1543505821.4825387
1543505881.5525198
1543505942.0617635
1543506001.1295793
1543506061.2145026
1543506121.2778747
1543506181.9318278
1543506241.9916306
1543506301.0698626
1543506361.586416
1543506421.6531007
1543506481.7131734
1543506541.779409
1543506601.848396
1543506662.0230508
1543506721.0894966
1543506781.156222
1543506842.2845938
1543506901.3597538
1543506961.4185343
1543507021.4778807
1543507081.9883509
1543507142.0462997
1543507201.1086059
1543507261.2138445
1543507321.2801127
1543507381.7617996
1543561326.4413579
1543561381.5974855
1543561441.6627598
1543561501.7173169
1543561561.7678943
1543561623.6039972
1543561682.830231
1543561746.9702396
1543561815.698182
1543561863.9569123
1543561922.8053958
1543561982.714191
1543562045.0080674
1543562101.509328
1543562164.9142728
1543562222.6797552
1543562281.8787072
1543562342.4108753
1543562402.2569191
1543562461.4123073
1543562521.5097902
1543562581.5645165
1543562641.6575801
1543562701.8571396
1543562761.953927
1543562822.0443652
1543562881.1616275
1543562941.2331793
1543563001.3161254
1543563061.3829374
1543563121.46925
1543563181.7313383
1543563241.835117
1543563301.9423194
1543563362.0624847
1543563421.1402066
1543563481.2456274
1543563541.6340442
1543563601.7336051
1543563661.837688
1543563721.8930166
1543563781.9834814
1543563842.0738122
1543563901.1610067
1543563961.254898
1543564021.3545675
1543564081.4337554
1543564141.5044103
1543564201.578972
1543564261.639132
1543564321.7359977
1543564381.8007874
1543564441.8806078
1543564501.9567604
1543564562.294175
1543564621.3646014
1543564681.4449553
1543564741.5251584
1543564801.607068
1543564861.6606205
1543564921.8641465
1543564981.9219098
1543565041.9808002
1543565102.059379
1543565161.1423676
1543565221.2170827
1543565281.2915459
1543565341.3552916
1543565401.4195368
1543565461.5402722
1543565521.626549
1543565581.694914
1543565641.779478
1543565701.845405
1543565761.9028406
1543565821.9690402
1543565882.065586
1543565941.139077
1543566001.2655406
1543566061.3378475
1543566121.45554
1543566181.5304828
1543566241.6369908
1543566301.7123723
1543566361.7701883
1543566421.8247173
1543566481.8914423
1543566541.9503677
1543566602.0036237
1543566661.0602643
1543566721.1853018
1543566781.2489767
1543566841.30776
1543566901.3793693
1543566961.436852
1543567021.6103647
1543567081.665106
1543567141.7209132
1543567201.7846534
1543567261.8681636
1543567322.0605881
1543567381.2490416
1543567441.540616
1543567501.639173
1543567561.699114
1543567621.7605147
1543567681.8181326
1543567741.8707886
1543567801.9450808
1543567861.9982522
1543567921.1177018
1543567981.1999118
1543568041.2676153
1543568101.3242488
1543568161.3813071
1543568221.4333932
1543568281.4843912
1543568341.5358808
1543568401.5887225
1543568461.6399794
1543568521.7030673
1543568581.7547593
1543568641.817494
1543568701.8819568
1543568761.9469402
1543568821.9979188
1543568881.0764217
1543568941.131523
1543569001.2126422
1543569061.2798111
1543569121.3503149
1543569181.456494
1543569241.536475
1543569301.595447
1543569361.6503503
1543569421.720324
1543569481.7761965
1543569541.8286207
1543569601.8838494
1543569661.94389
1543569721.9975286
1543569781.0517254
1543569841.113024
1543569901.191126
1543569961.262379
1543570021.3363192
1543570081.3922255
1543570141.4632993
1543570201.5335197
1543570261.6015058
1543570321.698091
1543570381.7758496
1543570441.8362994
1543570501.9271994
1543570561.9819915
1543570622.0444431
1543570681.1362162
1543570741.2079504
1543570801.2675016
1543570861.3428633
1543570921.4157407
1543570981.4860551
1543571041.5420337
1543571101.682237
1543571161.844185
1543571221.961971
1543571282.0436935
1543571341.1252627
1543571401.1953018
1543571461.2674408
1543571521.3930745
1543571581.448839
1543571641.5308263
1543571701.5931213
1543571761.6485424
1543571821.7223496
1543571881.7865765
1543571941.8570852
1543572001.918024
1543572061.9728427
1543572122.0450623
1543572181.1278243
1543572241.1967182
1543572301.263322
1543572361.3142016
1543572421.3664272
1543572481.4220831
1543572541.499466
1543572601.5601056
1543572661.7121267
1543666566.3319755
1543666621.4059572
1543666681.5846138
1543666741.6971962
1543666801.8593626
1543666861.9818292
1543666922.032298
1543666985.3672593
1543667047.796877
1543667102.1588724
1543667161.2576394
1543667221.3771448
1543667281.4243383
1543667341.4968126
1543667401.5447533
1543667461.6155577
1543667523.8918943
1543667581.6439302
1543667641.6973221
1543667701.748577
1543667761.7964568
1543667821.8938806
1543667881.9435434
1543667941.9930773
1543668001.045173
1543668061.1120248
1543668121.1765325
1543668181.2261348
1543668241.2966256
1543668301.432771
1543668361.5000799
1543668421.5475514
1543668481.5952806
1543668541.64476
1543668601.6951492
1543668661.7425754
1543668721.792353
1543668781.8430667
1543668841.897825
1543668901.9780874
1543668962.113372
1543669021.200019
1543669081.3008573
1543669141.3696365
1543669201.5164497
1543669261.5926216
1543669321.6819832
1543669381.7344856
1543669441.7833827
1543669501.8306727
1543669561.8980367
1543669621.9472294
1543669682.0562668
1543669741.1093154
1543669801.216673
1543669861.27379
1543669921.3262806
1543669981.382142
1543670041.4353735
1543670101.486794
1543670161.6190717
1543670221.6686904
1543670281.7610762
1543670341.8246126
1543670401.8729887
1543670461.9217987
1543670521.9708438
1543670582.0831373
1543670641.1325037
1543670701.1971407
1543670761.2459497
1543670821.2950294
1543670881.3444707
1543670941.3938339
1543671001.4435666
1543671061.4931118
1543671121.5424578
1543671181.5916069
1543671241.6485567
1543671301.7056022
1543671361.7635663
1543671421.819225
1543671481.8698478
1543671541.9395149
1543671601.9934218
1543671662.0505
1543671721.1065896
1543671781.168656
1543671841.2208505
1543671901.274989
1543671961.342027
1543672021.3929563
1543672081.4596543
1543672141.5300465
1543672201.782213
1543672261.85781
1543672321.9072263
1543672381.9579058
1543672442.008561
1543672501.0625198
1543672561.1123137
1543672621.1833155
1543672681.2519417
1543672741.3025217
1543674062.4186711
1543674121.0096655
1543674181.0581293
1543674241.3217142
1543674301.8333857
1543674361.898467
1543674422.089596
1543674481.1848962
1543674541.3337142
1543674601.394415
1543674661.4768567
1543674722.3894203
1543674781.80747
1543674842.712564
1543674901.7778003
1543674961.8978524
1543675033.7406778
1543675081.809281
1543675141.8662572
1543675202.8129325
1543675261.3955715
1543675867.3816102
1543675921.6661725
1543675981.7946615
1543676041.8463368
1543676102.4049551
1543676161.4561837
1543676221.5071309
1543676281.5839865
1543676341.645543
1543676401.6986265
1543676461.7472076
1543676522.2322106
1543676581.2974615
1543676641.364984
1543676701.447213
1543676761.5302544
1543676821.6657596
1543676882.5025225
1543676941.558521
1543677001.61468
1543677061.7713065
1543677121.8537
1543677181.9549787
1543677242.1155918
1543677301.2025914
1543677361.3025117
1543677421.395381
1543677481.4651597
1543677541.6644437
1543677601.7836304
1543677661.909382
1543677721.9669137
1543677782.4881887
1543677841.5415363
1543677901.703429
1543677961.7565482
1543678021.811549
1543678081.965555
1543678142.1024091
1543678201.2551768
1543678261.321373
1543678321.3728304
1543678381.4252417
1543678441.4757726
1543678501.5310695
1543678562.12803
1543678621.197107
1543678681.247885
1543678741.300232
1543678801.3573341
1543678861.4405804
1543678921.4935176
1543678981.5706913
1543679041.6217883
1543679102.3295386
1543679161.380184
1543679221.4808855
